IQ-TREE multicore version 1.6.12 for Linux 64-bit built Aug 15 2019
Developed by Bui Quang Minh, Nguyen Lam Tung, Olga Chernomor,
Heiko Schmidt, Dominik Schrempf, Michael Woodhams.

Host:    solander (SSE4.2, 5 GB RAM)
Command: iqtree -s ../../nexus/m_cytB_mafft_nexus.nxs -o OA -m MFP -pre cytB_iqTree -bb 1000
Seed:    58323 (Using SPRNG - Scalable Parallel Random Number Generator)
Time:    Tue Oct 10 09:50:11 2023
Kernel:  SSE2 - 1 threads (8 CPU cores detected)

HINT: Use -nt option to specify number of threads because your CPU has 8 cores!
HINT: -nt AUTO will automatically determine the best number of threads to use.

Reading alignment file ../../nexus/m_cytB_mafft_nexus.nxs ... Nexus format detected
Alignment has 12 sequences with 1146 columns, 562 distinct patterns
472 parsimony-informative, 534 singleton sites, 140 constant sites
    Gap/Ambiguity  Composition  p-value
   1  MN    0.00%    passed     25.92%
   2  MR    0.00%    passed     82.93%
   3  PC    0.52%    passed      9.80%
   4  AP   15.10%    passed      6.70%
   5  VU    0.00%    passed     52.88%
   6  NT    0.00%    passed     32.15%
   7  OA    0.52%    failed      0.83%
   8  MF    0.00%    passed     82.55%
   9  LK    0.00%    passed     95.90%
  10  CF    0.00%    passed     20.28%
  11  PG    0.09%    failed      4.22%
  12  SB    0.00%    passed     76.76%
****  TOTAL    1.35%  2 sequences failed composition chi2 test (p-value<5%; df=3)


Create initial parsimony tree by phylogenetic likelihood library (PLL)... 0.001 seconds
NOTE: ModelFinder requires 4 MB RAM!
ModelFinder will test 286 DNA models (sample size: 1146) ...
 No. Model         -LnL         df  AIC          AICc         BIC
  1  JC            9921.768     21  19885.535    19886.357    19991.460
  2  JC+I          9888.247     22  19820.494    19821.396    19931.463
  3  JC+G4         9560.246     22  19164.491    19165.392    19275.460
  4  JC+I+G4       9557.370     23  19160.739    19161.723    19276.752
  5  JC+R2         9516.910     23  19079.820    19080.803    19195.832
  6  JC+R3         9509.659     25  19069.318    19070.479    19195.419
  7  JC+R4         9504.480     27  19062.961    19064.313    19199.150
 14  F81+F         9668.689     24  19385.378    19386.449    19506.435
 15  F81+F+I       9639.589     25  19329.178    19330.338    19455.279
 16  F81+F+G4      9259.027     25  18568.054    18569.214    18694.155
 17  F81+F+I+G4    9259.059     26  18570.117    18571.372    18701.262
 18  F81+F+R2      9180.448     26  18412.896    18414.151    18544.041
 19  F81+F+R3      9180.053     28  18416.107    18417.561    18557.340
 27  K2P           9796.164     22  19636.327    19637.228    19747.296
 28  K2P+I         9761.542     23  19569.083    19570.067    19685.096
 29  K2P+G4        9416.230     23  18878.460    18879.444    18994.473
 30  K2P+I+G4      9416.260     24  18880.520    18881.591    19001.577
 31  K2P+R2        9356.274     24  18760.548    18761.619    18881.605
 32  K2P+R3        9356.231     26  18764.461    18765.716    18895.606
 40  HKY+F         9534.207     25  19118.414    19119.575    19244.515
 41  HKY+F+I       9501.796     26  19055.592    19056.847    19186.737
 42  HKY+F+G4      9097.139     26  18246.279    18247.533    18377.423
 43  HKY+F+I+G4    9097.148     27  18248.296    18249.648    18384.485
 44  HKY+F+R2      9019.814     27  18093.627    18094.980    18229.816
 45  HKY+F+R3      9019.758     29  18097.517    18099.076    18243.793
 53  TNe           9669.397     23  19384.794    19385.778    19500.806
 54  TNe+I         9624.252     24  19296.504    19297.574    19417.560
 55  TNe+G4        9282.312     24  18612.624    18613.695    18733.681
 56  TNe+I+G4      9282.277     25  18614.555    18615.715    18740.655
 57  TNe+R2        9240.878     25  18531.757    18532.918    18657.858
 58  TNe+R3        9238.668     27  18531.336    18532.688    18667.525
 66  TN+F          9491.706     26  19035.411    19036.666    19166.556
 67  TN+F+I        9452.954     27  18959.907    18961.260    19096.096
 68  TN+F+G4       9064.296     27  18182.592    18183.944    18318.781
 69  TN+F+I+G4     9064.290     28  18184.579    18186.033    18325.812
 70  TN+F+R2       9003.498     28  18062.996    18064.450    18204.229
WARNING: Log-likelihood of TN+F+R3 worse than TN+F+R2
 71  TN+F+R3       9005.054     30  18070.109    18071.777    18221.430
 79  K3P           9761.289     23  19568.578    19569.562    19684.591
 80  K3P+I         9726.044     24  19500.088    19501.158    19621.144
 81  K3P+G4        9382.034     24  18812.068    18813.139    18933.125
 82  K3P+I+G4      9382.034     25  18814.068    18815.229    18940.169
 83  K3P+R2        9323.699     25  18697.399    18698.559    18823.499
 84  K3P+R3        9322.676     27  18699.352    18700.704    18835.541
 92  K3Pu+F        9505.843     26  19063.686    19064.941    19194.831
 93  K3Pu+F+I      9474.189     27  19002.378    19003.731    19138.567
 94  K3Pu+F+G4     9082.841     27  18219.683    18221.035    18355.871
 95  K3Pu+F+I+G4   9082.837     28  18221.674    18223.127    18362.906
 96  K3Pu+F+R2     9007.405     28  18070.809    18072.263    18212.042
 97  K3Pu+F+R3     9006.899     30  18073.798    18075.466    18225.119
105  TPM2+F        9450.309     26  18952.619    18953.873    19083.763
106  TPM2+F+I      9415.664     27  18885.328    18886.680    19021.517
107  TPM2+F+G4     9063.660     27  18181.319    18182.671    18317.508
108  TPM2+F+I+G4   9063.658     28  18183.317    18184.771    18324.550
109  TPM2+F+R2     8997.529     28  18051.059    18052.512    18192.291
110  TPM2+F+R3     8997.512     30  18055.024    18056.693    18206.345
118  TPM2u+F       9450.308     26  18952.616    18953.871    19083.761
119  TPM2u+F+I     9415.662     27  18885.323    18886.676    19021.512
120  TPM2u+F+G4    9063.660     27  18181.320    18182.673    18317.509
121  TPM2u+F+I+G4  9063.659     28  18183.319    18184.772    18324.551
122  TPM2u+F+R2    8997.253     28  18050.505    18051.959    18191.738
123  TPM2u+F+R3    8997.138     30  18054.275    18055.944    18205.596
131  TPM3+F        9510.514     26  19073.028    19074.283    19204.173
132  TPM3+F+I      9480.020     27  19014.040    19015.392    19150.229
133  TPM3+F+G4     9095.217     27  18244.435    18245.787    18380.624
134  TPM3+F+I+G4   9095.211     28  18246.422    18247.876    18387.655
135  TPM3+F+R2     9019.330     28  18094.660    18096.114    18235.893
136  TPM3+F+R3     9018.824     30  18097.648    18099.316    18248.969
144  TPM3u+F       9510.514     26  19073.028    19074.283    19204.173
145  TPM3u+F+I     9480.020     27  19014.039    19015.391    19150.228
146  TPM3u+F+G4    9095.215     27  18244.430    18245.783    18380.619
147  TPM3u+F+I+G4  9095.211     28  18246.422    18247.876    18387.655
148  TPM3u+F+R2    9019.458     28  18094.916    18096.369    18236.148
149  TPM3u+F+R3    9019.447     30  18098.894    18100.563    18250.215
157  TIMe          9633.884     24  19315.767    19316.838    19436.824
158  TIMe+I        9587.787     25  19225.574    19226.735    19351.675
159  TIMe+G4       9248.682     25  18547.363    18548.524    18673.464
160  TIMe+I+G4     9248.660     26  18549.320    18550.575    18680.465
161  TIMe+R2       9207.749     26  18467.499    18468.753    18598.643
162  TIMe+R3       9205.287     28  18466.574    18468.027    18607.806
170  TIM+F         9463.216     27  18980.431    18981.783    19116.620
171  TIM+F+I       9425.431     28  18906.862    18908.316    19048.095
172  TIM+F+G4      9048.745     28  18153.490    18154.944    18294.723
173  TIM+F+I+G4    9048.736     29  18155.473    18157.032    18301.750
174  TIM+F+R2      8989.695     29  18037.390    18038.949    18183.667
WARNING: Log-likelihood of TIM+F+R3 worse than TIM+F+R2
175  TIM+F+R3      8991.534     31  18045.068    18046.849    18201.433
183  TIM2e         9488.416     24  19024.833    19025.903    19145.889
184  TIM2e+I       9444.082     25  18938.165    18939.326    19064.266
185  TIM2e+G4      9126.783     25  18303.566    18304.727    18429.667
186  TIM2e+I+G4    9126.764     26  18305.529    18306.784    18436.674
187  TIM2e+R2      9097.287     26  18246.573    18247.828    18377.718
188  TIM2e+R3      9093.107     28  18242.215    18243.669    18383.448
196  TIM2+F        9413.838     27  18881.676    18883.028    19017.865
197  TIM2+F+I      9373.543     28  18803.087    18804.541    18944.320
198  TIM2+F+G4     9023.926     28  18103.853    18105.307    18245.086
199  TIM2+F+I+G4   9023.924     29  18105.849    18107.408    18252.126
200  TIM2+F+R2     8979.612     29  18017.224    18018.783    18163.501
WARNING: Log-likelihood of TIM2+F+R3 worse than TIM2+F+R2
201  TIM2+F+R3     8983.356     31  18028.712    18030.493    18185.077
209  TIM3e         9642.936     24  19333.871    19334.942    19454.928
210  TIM3e+I       9599.872     25  19249.745    19250.906    19375.846
211  TIM3e+G4      9279.542     25  18609.084    18610.245    18735.185
212  TIM3e+I+G4    9279.505     26  18611.011    18612.266    18742.156
213  TIM3e+R2      9240.415     26  18532.830    18534.085    18663.975
214  TIM3e+R3      9238.922     28  18533.843    18535.297    18675.076
222  TIM3+F        9466.676     27  18987.352    18988.704    19123.541
223  TIM3+F+I      9430.363     28  18916.726    18918.180    19057.959
224  TIM3+F+G4     9064.596     28  18185.192    18186.646    18326.425
225  TIM3+F+I+G4   9064.585     29  18187.170    18188.729    18333.447
226  TIM3+F+R2     9007.098     29  18072.196    18073.755    18218.473
WARNING: Log-likelihood of TIM3+F+R3 worse than TIM3+F+R2
227  TIM3+F+R3     9008.182     31  18078.364    18080.145    18234.729
235  TVMe          9577.735     25  19205.469    19206.630    19331.570
236  TVMe+I        9541.458     26  19134.916    19136.171    19266.061
237  TVMe+G4       9236.419     26  18524.838    18526.093    18655.983
238  TVMe+I+G4     9236.407     27  18526.814    18528.167    18663.003
239  TVMe+R2       9202.622     27  18459.244    18460.597    18595.433
240  TVMe+R3       9201.497     29  18460.995    18462.554    18607.272
248  TVM+F         9424.223     28  18904.447    18905.901    19045.680
249  TVM+F+I       9391.690     29  18841.381    18842.940    18987.658
250  TVM+F+G4      9050.842     29  18159.685    18161.244    18305.962
251  TVM+F+I+G4    9050.840     30  18161.681    18163.349    18313.001
252  TVM+F+R2      8991.952     30  18043.904    18045.572    18195.225
WARNING: Log-likelihood of TVM+F+R3 worse than TVM+F+R2
253  TVM+F+R3      8992.447     32  18048.894    18050.792    18210.303
261  SYM           9457.038     26  18966.075    18967.330    19097.220
262  SYM+I         9414.941     27  18883.882    18885.234    19020.071
263  SYM+G4        9115.468     27  18284.935    18286.288    18421.124
264  SYM+I+G4      9115.458     28  18286.916    18288.370    18428.149
265  SYM+R2        9085.106     28  18226.211    18227.665    18367.444
266  SYM+R3        9081.078     30  18222.155    18223.823    18373.476
274  GTR+F         9386.845     29  18831.690    18833.249    18977.967
275  GTR+F+I       9349.084     30  18758.169    18759.837    18909.490
276  GTR+F+G4      9015.120     30  18090.240    18091.908    18241.561
277  GTR+F+I+G4    9015.118     31  18092.236    18094.017    18248.601
278  GTR+F+R2      8970.486     31  18002.972    18004.753    18159.337
WARNING: Log-likelihood of GTR+F+R3 worse than GTR+F+R2
279  GTR+F+R3      8973.999     33  18013.998    18016.016    18180.451
Akaike Information Criterion:           GTR+F+R2
Corrected Akaike Information Criterion: GTR+F+R2
Bayesian Information Criterion:         GTR+F+R2
Best-fit model: GTR+F+R2 chosen according to BIC

All model information printed to cytB_iqTree.model.gz
CPU time for ModelFinder: 5.718 seconds (0h:0m:5s)
Wall-clock time for ModelFinder: 5.803 seconds (0h:0m:5s)
Generating 1000 samples for ultrafast bootstrap (seed: 58323)...

NOTE: 2 MB RAM (0 GB) is required!
Estimate model parameters (epsilon = 0.100)
1. Initial log-likelihood: -9359.944
2. Current log-likelihood: -9063.300
3. Current log-likelihood: -9050.265
4. Current log-likelihood: -9048.349
5. Current log-likelihood: -9048.023
Optimal log-likelihood: -9047.963
Rate parameters:  A-C: 3.14757  A-G: 3.38412  A-T: 1.67602  C-G: 0.48421  C-T: 7.08952  G-T: 1.00000
Base frequencies:  A: 0.296  C: 0.301  G: 0.126  T: 0.277
Site proportion and rates:  (0.656,0.392) (0.344,2.162)
Parameters optimization took 5 rounds (0.087 sec)
Computing ML distances based on estimated model parameters... 0.003 sec
WARNING: Some pairwise ML distances are too long (saturated)
Computing BIONJ tree...
0.019 seconds
Log-likelihood of BIONJ tree: -9036.460
--------------------------------------------------------------------
|             INITIALIZING CANDIDATE TREE SET                      |
--------------------------------------------------------------------
Generating 98 parsimony trees... 0.105 second
Computing log-likelihood of 94 initial trees ... 0.326 seconds
Current best score: -9036.460

Do NNI search on 20 best initial trees
Estimate model parameters (epsilon = 0.100)
BETTER TREE FOUND at iteration 1: -8977.071
Estimate model parameters (epsilon = 0.100)
UPDATE BEST LOG-LIKELIHOOD: -8967.746
Iteration 10 / LogL: -8967.996 / Time: 0h:0m:1s
Estimate model parameters (epsilon = 0.100)
UPDATE BEST LOG-LIKELIHOOD: -8967.001
Iteration 20 / LogL: -8969.154 / Time: 0h:0m:1s
Finish initializing candidate tree set (7)
Current best tree score: -8967.001 / CPU time: 1.613
Number of iterations: 20
--------------------------------------------------------------------
|               OPTIMIZING CANDIDATE TREE SET                      |
--------------------------------------------------------------------
Iteration 30 / LogL: -8967.995 / Time: 0h:0m:2s (0h:0m:5s left)
Iteration 40 / LogL: -8968.555 / Time: 0h:0m:2s (0h:0m:4s left)
Estimate model parameters (epsilon = 0.100)
UPDATE BEST LOG-LIKELIHOOD: -8966.788
Estimate model parameters (epsilon = 0.100)
UPDATE BEST LOG-LIKELIHOOD: -8966.732
Iteration 50 / LogL: -8971.712 / Time: 0h:0m:3s (0h:0m:3s left)
Log-likelihood cutoff on original alignment: -8998.586
Iteration 60 / LogL: -8968.053 / Time: 0h:0m:3s (0h:0m:2s left)
Iteration 70 / LogL: -8969.202 / Time: 0h:0m:4s (0h:0m:1s left)
Iteration 80 / LogL: -8969.852 / Time: 0h:0m:4s (0h:0m:1s left)
Iteration 90 / LogL: -8967.509 / Time: 0h:0m:4s (0h:0m:0s left)
UPDATE BEST LOG-LIKELIHOOD: -8966.730
Iteration 100 / LogL: -8969.056 / Time: 0h:0m:5s (0h:0m:0s left)
Log-likelihood cutoff on original alignment: -8998.586
NOTE: Bootstrap correlation coefficient of split occurrence frequencies: 0.996
TREE SEARCH COMPLETED AFTER 102 ITERATIONS / Time: 0h:0m:5s

--------------------------------------------------------------------
|                    FINALIZING TREE SEARCH                        |
--------------------------------------------------------------------
Performs final model parameters optimization
Estimate model parameters (epsilon = 0.010)
1. Initial log-likelihood: -8966.730
Optimal log-likelihood: -8966.725
Rate parameters:  A-C: 1.88998  A-G: 2.61644  A-T: 1.13323  C-G: 0.33296  C-T: 4.80162  G-T: 1.00000
Base frequencies:  A: 0.296  C: 0.301  G: 0.126  T: 0.277
Site proportion and rates:  (0.658,0.201) (0.342,2.535)
Parameters optimization took 1 rounds (0.018 sec)
BEST SCORE FOUND : -8966.725
Creating bootstrap support values...
Split supports printed to NEXUS file cytB_iqTree.splits.nex
Total tree length: 13.258

Total number of iterations: 102
CPU time used for tree search: 5.225 sec (0h:0m:5s)
Wall-clock time used for tree search: 5.364 sec (0h:0m:5s)
Total CPU time used: 5.419 sec (0h:0m:5s)
Total wall-clock time used: 5.671 sec (0h:0m:5s)

Computing bootstrap consensus tree...
Reading input file cytB_iqTree.splits.nex...
12 taxa and 124 splits.
Consensus tree written to cytB_iqTree.contree
Reading input trees file cytB_iqTree.contree
Log-likelihood of consensus tree: -8966.740

Analysis results written to: 
  IQ-TREE report:                cytB_iqTree.iqtree
  Maximum-likelihood tree:       cytB_iqTree.treefile
  Likelihood distances:          cytB_iqTree.mldist

Ultrafast bootstrap approximation results written to:
  Split support values:          cytB_iqTree.splits.nex
  Consensus tree:                cytB_iqTree.contree
  Screen log file:               cytB_iqTree.log

Date and Time: Tue Oct 10 09:50:22 2023
